D:\Microsoft Visual Studio\source\repos\WebApiApp\ClientApp\app\app.component.js
D:\Microsoft Visual Studio\source\repos\WebApiApp\ClientApp\app\app.component.js.map
D:\Microsoft Visual Studio\source\repos\WebApiApp\ClientApp\app\common\home.component.js
D:\Microsoft Visual Studio\source\repos\WebApiApp\ClientApp\app\common\home.component.js.map
D:\Microsoft Visual Studio\source\repos\WebApiApp\ClientApp\app\common\not-found.component.js
D:\Microsoft Visual Studio\source\repos\WebApiApp\ClientApp\app\common\not-found.component.js.map
D:\Microsoft Visual Studio\source\repos\WebApiApp\ClientApp\app\role\role.js
D:\Microsoft Visual Studio\source\repos\WebApiApp\ClientApp\app\role\role.js.map
D:\Microsoft Visual Studio\source\repos\WebApiApp\ClientApp\app\role\data.service.js
D:\Microsoft Visual Studio\source\repos\WebApiApp\ClientApp\app\role\data.service.js.map
D:\Microsoft Visual Studio\source\repos\WebApiApp\ClientApp\app\role\role-list.component.js
D:\Microsoft Visual Studio\source\repos\WebApiApp\ClientApp\app\role\role-list.component.js.map
D:\Microsoft Visual Studio\source\repos\WebApiApp\ClientApp\app\role\role-detail.component.js
D:\Microsoft Visual Studio\source\repos\WebApiApp\ClientApp\app\role\role-detail.component.js.map
D:\Microsoft Visual Studio\source\repos\WebApiApp\ClientApp\app\role\role-create.component.js
D:\Microsoft Visual Studio\source\repos\WebApiApp\ClientApp\app\role\role-create.component.js.map
D:\Microsoft Visual Studio\source\repos\WebApiApp\ClientApp\app\role\role-edit.component.js
D:\Microsoft Visual Studio\source\repos\WebApiApp\ClientApp\app\role\role-edit.component.js.map
D:\Microsoft Visual Studio\source\repos\WebApiApp\ClientApp\app\role\role-form.component.js
D:\Microsoft Visual Studio\source\repos\WebApiApp\ClientApp\app\role\role-form.component.js.map
D:\Microsoft Visual Studio\source\repos\WebApiApp\ClientApp\app\user\user.js
D:\Microsoft Visual Studio\source\repos\WebApiApp\ClientApp\app\user\user.js.map
D:\Microsoft Visual Studio\source\repos\WebApiApp\ClientApp\app\user\data.service.js
D:\Microsoft Visual Studio\source\repos\WebApiApp\ClientApp\app\user\data.service.js.map
D:\Microsoft Visual Studio\source\repos\WebApiApp\ClientApp\app\user\user-list.component.js
D:\Microsoft Visual Studio\source\repos\WebApiApp\ClientApp\app\user\user-list.component.js.map
D:\Microsoft Visual Studio\source\repos\WebApiApp\ClientApp\app\user\user-detail.component.js
D:\Microsoft Visual Studio\source\repos\WebApiApp\ClientApp\app\user\user-detail.component.js.map
D:\Microsoft Visual Studio\source\repos\WebApiApp\ClientApp\app\user\user-create.component.js
D:\Microsoft Visual Studio\source\repos\WebApiApp\ClientApp\app\user\user-create.component.js.map
D:\Microsoft Visual Studio\source\repos\WebApiApp\ClientApp\app\user\user-edit.component.js
D:\Microsoft Visual Studio\source\repos\WebApiApp\ClientApp\app\user\user-edit.component.js.map
D:\Microsoft Visual Studio\source\repos\WebApiApp\ClientApp\app\user\user-form.component.js
D:\Microsoft Visual Studio\source\repos\WebApiApp\ClientApp\app\user\user-form.component.js.map
D:\Microsoft Visual Studio\source\repos\WebApiApp\ClientApp\app\app.module.js
D:\Microsoft Visual Studio\source\repos\WebApiApp\ClientApp\app\app.module.js.map
D:\Microsoft Visual Studio\source\repos\WebApiApp\ClientApp\main.js
D:\Microsoft Visual Studio\source\repos\WebApiApp\ClientApp\main.js.map
D:\Microsoft Visual Studio\source\repos\WebApiApp\ClientApp\polyfills.js
D:\Microsoft Visual Studio\source\repos\WebApiApp\ClientApp\polyfills.js.map
